TN:
SF:/Users/Cavr/Documents/beezy/server/api.config.js
FNF:0
FNH:0
DA:1,1
DA:3,1
DA:12,1
LF:3
LH:3
BRF:0
BRH:0
end_of_record
TN:
SF:/Users/Cavr/Documents/beezy/server/services/CharactersService.js
FN:5,(anonymous_0)
FN:8,(anonymous_1)
FN:20,(anonymous_2)
FNF:3
FNH:3
FNDA:2,(anonymous_0)
FNDA:1,(anonymous_1)
FNDA:1,(anonymous_2)
DA:1,1
DA:2,1
DA:6,2
DA:9,1
DA:10,1
DA:14,1
DA:16,0
DA:21,1
DA:22,1
DA:24,1
DA:27,0
DA:32,1
LF:12
LH:10
BRF:0
BRH:0
end_of_record
TN:
SF:/Users/Cavr/Documents/beezy/server/utils/api.js
FN:3,(anonymous_0)
FNF:1
FNH:1
FNDA:1,(anonymous_0)
DA:1,2
DA:3,2
DA:4,1
DA:7,2
LF:4
LH:4
BRF:0
BRH:0
end_of_record
